<?xml version="1.0" encoding="UTF-8"?>
<!-- Generated by org.testng.reporters.JUnitReportReporter -->
<testsuite hostname="asus-tatiana" failures="0" tests="4" name="StringOperationsTests" time="0.008" errors="0" timestamp="06 февр. 2021 16:18:01 GMT" skipped="0">
  <testcase classname="StringOperationsTests" name="countOfWordsPositiveTest" time="0.002"/>
  <testcase classname="StringOperationsTests" name="isPalindromePositiveTest" time="0.002"/>
  <testcase classname="StringOperationsTests" name="isPalindromeNegativeTest" time="0.002"/>
  <testcase classname="StringOperationsTests" name="reverseStringPositiveTest" time="0.002"/>
</testsuite> <!-- StringOperationsTests -->
