<?xml version="1.0" encoding="UTF-8"?>
<!-- Generated by org.testng.reporters.JUnitReportReporter -->
<testsuite hostname="asus-tatiana" failures="0" tests="3" name="NumbersOperationsTests" time="0.129" errors="0" timestamp="06 февр. 2021 16:18:01 GMT" skipped="0">
  <testcase classname="NumbersOperationsTests" name="isPrimeNumbPositiveTest" time="0.003"/>
  <testcase classname="NumbersOperationsTests" name="isPrimeNumbNegativeTest" time="0.122"/>
  <testcase classname="NumbersOperationsTests" name="secondMaxValuePositiveTest" time="0.004"/>
</testsuite> <!-- NumbersOperationsTests -->
